<?xml version="1.0" encoding="UTF-8"?>
<testng-results ignored="0" total="1" passed="1" failed="0" skipped="0">
  <reporter-output>
  </reporter-output>
  <suite started-at="2025-03-27T17:49:11 IST" name="Default suite" finished-at="2025-03-27T17:49:22 IST" duration-ms="10800">
    <groups>
    </groups>
    <test started-at="2025-03-27T17:49:11 IST" name="Default test" finished-at="2025-03-27T17:49:22 IST" duration-ms="10800">
      <class name="testScripts.MouseActionsTest">
        <test-method signature="MouseActions()[pri:0, instance:testScripts.MouseActionsTest@18df8434]" started-at="2025-03-27T17:49:12 IST" name="MouseActions" finished-at="2025-03-27T17:49:22 IST" duration-ms="10572" status="PASS">
          <reporter-output>
          </reporter-output>
        </test-method> <!-- MouseActions -->
      </class> <!-- testScripts.MouseActionsTest -->
    </test> <!-- Default test -->
  </suite> <!-- Default suite -->
</testng-results>
