<?xml version="1.0" encoding="UTF-8"?>
<testng-results ignored="0" total="1" passed="1" failed="0" skipped="0">
  <reporter-output>
  </reporter-output>
  <suite started-at="2025-03-25T17:45:39 IST" name="Default suite" finished-at="2025-03-25T17:45:43 IST" duration-ms="4325">
    <groups>
    </groups>
    <test started-at="2025-03-25T17:45:39 IST" name="Default test" finished-at="2025-03-25T17:45:43 IST" duration-ms="4325">
      <class name="testScripts.RelativeLocatorTest">
        <test-method signature="relativeLoc()[pri:0, instance:testScripts.RelativeLocatorTest@791f145a]" started-at="2025-03-25T17:45:39 IST" name="relativeLoc" finished-at="2025-03-25T17:45:43 IST" duration-ms="4258" status="PASS">
          <reporter-output>
          </reporter-output>
        </test-method> <!-- relativeLoc -->
      </class> <!-- testScripts.RelativeLocatorTest -->
    </test> <!-- Default test -->
  </suite> <!-- Default suite -->
</testng-results>
